[2026-02-12 22:37:38] Inicio de procesamiento para DNI: 72050055
[2026-02-12 16:37:38] Generando PDF...
[2026-02-12 16:37:38] Respuesta raw del generador PDF: {"success":true,"filename":"declaracion_etnica_72050055_1770932258.pdf","filepath":"uploads\/declara...
[2026-02-12 16:37:38] PDF generado en: C:\xampp\htdocs\ultimogrados\controller\estudiante_publico/../../uploads/declaraciones_etnicas/declaracion_etnica_72050055_1770932258.pdf
[2026-02-12 16:37:38] Intentando enviar correo a: jersson14071996@gmail.com
[2026-02-12 16:37:57] Correo enviado exitosamente.
[2026-02-12 22:41:32] Inicio de procesamiento para DNI: 62051151
[2026-02-12 16:41:32] Generando PDF...
[2026-02-12 16:41:32] Respuesta raw del generador PDF: {"success":true,"filename":"declaracion_etnica_62051151_1770932492.pdf","filepath":"uploads\/declara...
[2026-02-12 16:41:32] PDF generado en: C:\xampp\htdocs\ultimogrados\controller\estudiante_publico/../../uploads/declaraciones_etnicas/declaracion_etnica_62051151_1770932492.pdf
[2026-02-12 16:41:32] Intentando enviar correo a: jersson14071996@gmail.com
[2026-02-12 16:41:35] Correo enviado exitosamente.
[2026-02-12 22:45:27] Inicio de procesamiento para DNI: 62362128
[2026-02-12 16:45:27] Generando PDF...
[2026-02-12 16:45:27] Respuesta raw del generador PDF: {"success":true,"filename":"declaracion_etnica_62362128_1770932727.pdf","filepath":"uploads\/declara...
[2026-02-12 16:45:27] PDF generado en: C:\xampp\htdocs\ultimogrados\controller\estudiante_publico/../../uploads/declaraciones_etnicas/declaracion_etnica_62362128_1770932727.pdf
[2026-02-12 16:45:27] Intentando enviar correo a: jersson14071996@gmail.com
[2026-02-12 16:45:30] Correo enviado exitosamente.
[2026-02-12 22:48:12] Inicio de procesamiento para DNI: 76121515
[2026-02-12 16:48:12] Generando PDF...
[2026-02-12 16:48:12] Respuesta raw del generador PDF: {"success":true,"filename":"declaracion_etnica_76121515_1770932892.pdf","filepath":"uploads\/declara...
[2026-02-12 16:48:12] PDF generado en: C:\xampp\htdocs\ultimogrados\controller\estudiante_publico/../../uploads/declaraciones_etnicas/declaracion_etnica_76121515_1770932892.pdf
[2026-02-12 16:48:12] Intentando enviar correo a: jersson14071996@gmail.com
[2026-02-12 16:48:15] Correo enviado exitosamente.
[2026-02-12 22:51:32] Inicio de procesamiento para DNI: 76212022
[2026-02-12 16:51:32] Generando PDF...
[2026-02-12 16:51:32] Respuesta raw del generador PDF: {"success":true,"filename":"declaracion_etnica_76212022_1770933092.pdf","filepath":"uploads\/declara...
[2026-02-12 16:51:32] PDF generado en: C:\xampp\htdocs\ultimogrados\controller\estudiante_publico/../../uploads/declaraciones_etnicas/declaracion_etnica_76212022_1770933092.pdf
[2026-02-12 16:51:32] Intentando enviar correo a: jersson14071996@gmail.com
[2026-02-12 16:51:35] Correo enviado exitosamente.
[2026-02-12 22:54:15] Inicio de procesamiento para DNI: 71215151
[2026-02-12 16:54:15] Generando PDF...
[2026-02-12 16:54:15] Respuesta raw del generador PDF: {"success":true,"filename":"declaracion_etnica_71215151_1770933255.pdf","filepath":"uploads\/declara...
[2026-02-12 16:54:15] PDF generado en: C:\xampp\htdocs\ultimogrados\controller\estudiante_publico/../../uploads/declaraciones_etnicas/declaracion_etnica_71215151_1770933255.pdf
[2026-02-12 16:54:15] Intentando enviar correo a: jersson14071996@gmail.com
[2026-02-12 16:54:18] Correo enviado exitosamente.
[2026-02-13 16:57:03] Inicio de procesamiento para DNI: 42155100
[2026-02-13 10:57:03] Generando PDF...
[2026-02-13 10:57:05] Respuesta raw del generador PDF: {"success":true,"filename":"declaracion_etnica_42155100_1770998225.pdf","filepath":"uploads\/declara...
[2026-02-13 10:57:05] PDF generado en: C:\xampp\htdocs\ultimogrados\controller\estudiante_publico/../../uploads/declaraciones_etnicas/declaracion_etnica_42155100_1770998225.pdf
[2026-02-13 10:57:05] Intentando enviar correo a: jersson14071996@gmail.com
[2026-02-13 10:57:09] Correo enviado exitosamente.
[2026-02-13 17:06:17] Inicio de procesamiento para DNI: 72815151
[2026-02-13 11:06:17] Generando PDF...
[2026-02-13 11:06:18] Respuesta raw del generador PDF: {"success":true,"filename":"declaracion_etnica_72815151_1770998778.pdf","filepath":"uploads\/declara...
[2026-02-13 11:06:18] PDF generado en: C:\xampp\htdocs\ultimogrados\controller\estudiante_publico/../../uploads/declaraciones_etnicas/declaracion_etnica_72815151_1770998778.pdf
[2026-02-13 11:06:18] Intentando enviar correo a: jersson14071996@gmail.com
[2026-02-13 11:06:21] Correo enviado exitosamente.
[2026-02-13 17:10:06] Inicio de procesamiento para DNI: 62315111
[2026-02-13 11:10:06] Generando PDF...
[2026-02-13 11:10:06] Respuesta raw del generador PDF: {"success":true,"filename":"declaracion_etnica_62315111_1770999006.pdf","filepath":"uploads\/declara...
[2026-02-13 11:10:06] PDF generado en: C:\xampp\htdocs\ultimogrados\controller\estudiante_publico/../../uploads/declaraciones_etnicas/declaracion_etnica_62315111_1770999006.pdf
[2026-02-13 11:10:06] Intentando enviar correo a: jersson14071996@gmail.com
[2026-02-13 11:10:09] Correo enviado exitosamente.
[2026-02-13 17:12:40] Inicio de procesamiento para DNI: 76050151
[2026-02-13 11:12:40] Generando PDF...
[2026-02-13 11:12:41] Respuesta raw del generador PDF: {"success":true,"filename":"declaracion_etnica_76050151_1770999161.pdf","filepath":"uploads\/declara...
[2026-02-13 11:12:41] PDF generado en: C:\xampp\htdocs\ultimogrados\controller\estudiante_publico/../../uploads/declaraciones_etnicas/declaracion_etnica_76050151_1770999161.pdf
[2026-02-13 11:12:41] Intentando enviar correo a: jersson14071996@gmail.com
[2026-02-13 11:12:44] Correo enviado exitosamente.
